<?xml version="1.0" encoding="UTF-8"?>
<!-- Generated by org.testng.reporters.JUnitReportReporter -->
<testsuite hostname="Saikumar_AsusZ" failures="0" tests="6" name="api.test.DDTests" time="1.117" errors="0" timestamp="2024-12-24T00:04:46 EST" skipped="0">
  <testcase classname="api.test.DDTests" name="testPostuser" time="0.198"/>
  <testcase classname="api.test.DDTests" name="testPostuser" time="0.188"/>
  <testcase classname="api.test.DDTests" name="testPostuser" time="0.196"/>
  <testcase classname="api.test.DDTests" name="testDeleteUserByName" time="0.176"/>
  <testcase classname="api.test.DDTests" name="testDeleteUserByName" time="0.193"/>
  <testcase classname="api.test.DDTests" name="testDeleteUserByName" time="0.166"/>
</testsuite> <!-- api.test.DDTests -->
