<?xml version="1.0" encoding="UTF-8"?>
<!-- Generated by org.testng.reporters.JUnitReportReporter -->
<testsuite hostname="Saikumar_AsusZ" failures="0" tests="4" name="api.test.UserTest" time="4.291" errors="0" timestamp="2024-12-24T00:04:46 EST" skipped="0">
  <testcase classname="api.test.UserTest" name="testPostUser" time="3.501"/>
  <testcase classname="api.test.UserTest" name="testGetUserByName" time="0.222"/>
  <testcase classname="api.test.UserTest" name="testUpdateUserByName" time="0.388"/>
  <testcase classname="api.test.UserTest" name="testDeleteUserByName" time="0.180"/>
</testsuite> <!-- api.test.UserTest -->
