<?xml version="1.0" encoding="UTF-8"?>
<!-- Generated by org.testng.reporters.JUnitReportReporter -->
<testsuite hostname="Saikumar_AsusZ" failures="0" tests="4" name="api.test.UserTest" time="4.194" errors="0" timestamp="2024-12-24T00:48:08 EST" skipped="0">
  <testcase classname="api.test.UserTest" name="testPostUser" time="3.432"/>
  <testcase classname="api.test.UserTest" name="testGetUserByName" time="0.212"/>
  <testcase classname="api.test.UserTest" name="testUpdateUserByName" time="0.364"/>
  <testcase classname="api.test.UserTest" name="testDeleteUserByName" time="0.186"/>
</testsuite> <!-- api.test.UserTest -->
