<?xml version="1.0" encoding="UTF-8"?>
<!-- Generated by org.testng.reporters.JUnitReportReporter -->
<testsuite hostname="Saikumar_AsusZ" failures="0" tests="6" name="api.test.DDTests" time="1.090" errors="0" timestamp="2024-12-24T00:48:08 EST" skipped="0">
  <testcase classname="api.test.DDTests" name="testPostuser" time="0.185"/>
  <testcase classname="api.test.DDTests" name="testPostuser" time="0.175"/>
  <testcase classname="api.test.DDTests" name="testPostuser" time="0.185"/>
  <testcase classname="api.test.DDTests" name="testDeleteUserByName" time="0.182"/>
  <testcase classname="api.test.DDTests" name="testDeleteUserByName" time="0.165"/>
  <testcase classname="api.test.DDTests" name="testDeleteUserByName" time="0.198"/>
</testsuite> <!-- api.test.DDTests -->
